<?xml version="1.0" encoding="UTF-8"?>
<!-- Generated by org.testng.reporters.JUnitReportReporter -->
<testsuite hostname="Vrushali" failures="0" tests="2" name="coverFoxTest.CoverFoxTC" time="8.476" errors="0" timestamp="2024-08-13T17:59:51 IST" skipped="0">
  <testcase classname="coverFoxTest.CoverFoxTC" name="validateBanners" time="4.109">
    <system-out>
      <![CDATA[validateBannersTC execution started]]>
    </system-out>
  </testcase> <!-- validateBanners -->
  <testcase classname="coverFoxTest.CoverFoxTC" name="validatePresenceOfSortButton" time="4.367">
    <system-out>
      <![CDATA[validatePresenceOfSortButtonTC execution started]]>
    </system-out>
  </testcase> <!-- validatePresenceOfSortButton -->
  <system-out>
    <![CDATA[launching browser
waiting
clicking on gender button
clicking on next button
handling age drop down
clicking on next button
entering pin code
entering mobile number
Clicking on next button
validateBannersTC execution started
validatePresenceOfSortButtonTC execution started
closing browser]]>
  </system-out>
</testsuite> <!-- coverFoxTest.CoverFoxTC -->
